<?xml version="1.0" ?>
<testsuites disabled="0" errors="0" failures="1" tests="1" time="0.12547898292541504" name="SST TESTING FRAMEWORKS">
	<testsuite disabled="0" errors="0" failures="1" name="testsuite_default_UnitAlgebra" skipped="0" tests="1" time="0.12547898292541504">
		<testcase name="test_UnitAlgebra" time="0.125479" timestamp="2024_0401_01:46:07.986856 utc" classname="testcase_UnitAlgebra">
			<failure type="failure" message="AssertionError: False is not true : Output/Compare file /home/tbonato/SC24/analysis-of-the-adaptive-routing-algorithm-in-the-slingshot-interconnect/sstcore-11.0.0/sst_test_outputs/run_data/test_UnitAlgebra.out does not match Reference File /home/tbonato/SC24/analysis-of-the-adaptive-routing-algorithm-in-the-slingshot-interconnect/sstcore-11.0.0/tests/refFiles/test_UnitAlgebra.out "/>
		</testcase>
	</testsuite>
</testsuites>
