<?xml version="1.0" ?>
<testsuites disabled="0" errors="0" failures="12" tests="12" time="1.4967126846313477" name="SST TESTING FRAMEWORKS">
	<testsuite disabled="0" errors="0" failures="12" name="testsuite_default_SubComponent" skipped="0" tests="12" time="1.4967126846313477">
		<testcase name="test_SubComponent_sc_2a" time="0.126710" timestamp="2024_0401_01:46:06.485851 utc" classname="testcase_SubComponent">
			<failure type="failure" message="AssertionError: False is not true : Output/Compare file /home/tbonato/SC24/analysis-of-the-adaptive-routing-algorithm-in-the-slingshot-interconnect/sstcore-11.0.0/sst_test_outputs/run_data/test_SubComponent_sc_2a.out does not match Reference File /home/tbonato/SC24/analysis-of-the-adaptive-routing-algorithm-in-the-slingshot-interconnect/sstcore-11.0.0/tests/subcomponent_tests/refFiles/test_sc_2a.out "/>
		</testcase>
		<testcase name="test_SubComponent_sc_2u" time="0.151659" timestamp="2024_0401_01:46:06.612670 utc" classname="testcase_SubComponent">
			<failure type="failure" message="AssertionError: False is not true : Output/Compare file /home/tbonato/SC24/analysis-of-the-adaptive-routing-algorithm-in-the-slingshot-interconnect/sstcore-11.0.0/sst_test_outputs/run_data/test_SubComponent_sc_2u.out does not match Reference File /home/tbonato/SC24/analysis-of-the-adaptive-routing-algorithm-in-the-slingshot-interconnect/sstcore-11.0.0/tests/subcomponent_tests/refFiles/test_sc_2u.out "/>
		</testcase>
		<testcase name="test_SubComponent_sc_2u2a" time="0.120075" timestamp="2024_0401_01:46:06.764452 utc" classname="testcase_SubComponent">
			<failure type="failure" message="AssertionError: False is not true : Output/Compare file /home/tbonato/SC24/analysis-of-the-adaptive-routing-algorithm-in-the-slingshot-interconnect/sstcore-11.0.0/sst_test_outputs/run_data/test_SubComponent_sc_2u2a.out does not match Reference File /home/tbonato/SC24/analysis-of-the-adaptive-routing-algorithm-in-the-slingshot-interconnect/sstcore-11.0.0/tests/subcomponent_tests/refFiles/test_sc_2u2a.out "/>
		</testcase>
		<testcase name="test_SubComponent_sc_2u2u" time="0.138858" timestamp="2024_0401_01:46:06.884643 utc" classname="testcase_SubComponent">
			<failure type="failure" message="AssertionError: False is not true : Output/Compare file /home/tbonato/SC24/analysis-of-the-adaptive-routing-algorithm-in-the-slingshot-interconnect/sstcore-11.0.0/sst_test_outputs/run_data/test_SubComponent_sc_2u2u.out does not match Reference File /home/tbonato/SC24/analysis-of-the-adaptive-routing-algorithm-in-the-slingshot-interconnect/sstcore-11.0.0/tests/subcomponent_tests/refFiles/test_sc_2u2u.out "/>
		</testcase>
		<testcase name="test_SubComponent_sc_2ua" time="0.129509" timestamp="2024_0401_01:46:07.023606 utc" classname="testcase_SubComponent">
			<failure type="failure" message="AssertionError: False is not true : Output/Compare file /home/tbonato/SC24/analysis-of-the-adaptive-routing-algorithm-in-the-slingshot-interconnect/sstcore-11.0.0/sst_test_outputs/run_data/test_SubComponent_sc_2ua.out does not match Reference File /home/tbonato/SC24/analysis-of-the-adaptive-routing-algorithm-in-the-slingshot-interconnect/sstcore-11.0.0/tests/subcomponent_tests/refFiles/test_sc_2ua.out "/>
		</testcase>
		<testcase name="test_SubComponent_sc_2uu" time="0.118366" timestamp="2024_0401_01:46:07.153245 utc" classname="testcase_SubComponent">
			<failure type="failure" message="AssertionError: False is not true : Output/Compare file /home/tbonato/SC24/analysis-of-the-adaptive-routing-algorithm-in-the-slingshot-interconnect/sstcore-11.0.0/sst_test_outputs/run_data/test_SubComponent_sc_2uu.out does not match Reference File /home/tbonato/SC24/analysis-of-the-adaptive-routing-algorithm-in-the-slingshot-interconnect/sstcore-11.0.0/tests/subcomponent_tests/refFiles/test_sc_2uu.out "/>
		</testcase>
		<testcase name="test_SubComponent_sc_a" time="0.122666" timestamp="2024_0401_01:46:07.271719 utc" classname="testcase_SubComponent">
			<failure type="failure" message="AssertionError: False is not true : Output/Compare file /home/tbonato/SC24/analysis-of-the-adaptive-routing-algorithm-in-the-slingshot-interconnect/sstcore-11.0.0/sst_test_outputs/run_data/test_SubComponent_sc_a.out does not match Reference File /home/tbonato/SC24/analysis-of-the-adaptive-routing-algorithm-in-the-slingshot-interconnect/sstcore-11.0.0/tests/subcomponent_tests/refFiles/test_sc_a.out "/>
		</testcase>
		<testcase name="test_SubComponent_sc_u" time="0.118018" timestamp="2024_0401_01:46:07.394487 utc" classname="testcase_SubComponent">
			<failure type="failure" message="AssertionError: False is not true : Output/Compare file /home/tbonato/SC24/analysis-of-the-adaptive-routing-algorithm-in-the-slingshot-interconnect/sstcore-11.0.0/sst_test_outputs/run_data/test_SubComponent_sc_u.out does not match Reference File /home/tbonato/SC24/analysis-of-the-adaptive-routing-algorithm-in-the-slingshot-interconnect/sstcore-11.0.0/tests/subcomponent_tests/refFiles/test_sc_u.out "/>
		</testcase>
		<testcase name="test_SubComponent_sc_u2a" time="0.128827" timestamp="2024_0401_01:46:07.512617 utc" classname="testcase_SubComponent">
			<failure type="failure" message="AssertionError: False is not true : Output/Compare file /home/tbonato/SC24/analysis-of-the-adaptive-routing-algorithm-in-the-slingshot-interconnect/sstcore-11.0.0/sst_test_outputs/run_data/test_SubComponent_sc_u2a.out does not match Reference File /home/tbonato/SC24/analysis-of-the-adaptive-routing-algorithm-in-the-slingshot-interconnect/sstcore-11.0.0/tests/subcomponent_tests/refFiles/test_sc_u2a.out "/>
		</testcase>
		<testcase name="test_SubComponent_sc_u2u" time="0.111070" timestamp="2024_0401_01:46:07.641544 utc" classname="testcase_SubComponent">
			<failure type="failure" message="AssertionError: False is not true : Output/Compare file /home/tbonato/SC24/analysis-of-the-adaptive-routing-algorithm-in-the-slingshot-interconnect/sstcore-11.0.0/sst_test_outputs/run_data/test_SubComponent_sc_u2u.out does not match Reference File /home/tbonato/SC24/analysis-of-the-adaptive-routing-algorithm-in-the-slingshot-interconnect/sstcore-11.0.0/tests/subcomponent_tests/refFiles/test_sc_u2u.out "/>
		</testcase>
		<testcase name="test_SubComponent_sc_ua" time="0.120399" timestamp="2024_0401_01:46:07.752699 utc" classname="testcase_SubComponent">
			<failure type="failure" message="AssertionError: False is not true : Output/Compare file /home/tbonato/SC24/analysis-of-the-adaptive-routing-algorithm-in-the-slingshot-interconnect/sstcore-11.0.0/sst_test_outputs/run_data/test_SubComponent_sc_ua.out does not match Reference File /home/tbonato/SC24/analysis-of-the-adaptive-routing-algorithm-in-the-slingshot-interconnect/sstcore-11.0.0/tests/subcomponent_tests/refFiles/test_sc_ua.out "/>
		</testcase>
		<testcase name="test_SubComponent_sc_uu" time="0.110555" timestamp="2024_0401_01:46:07.873208 utc" classname="testcase_SubComponent">
			<failure type="failure" message="AssertionError: False is not true : Output/Compare file /home/tbonato/SC24/analysis-of-the-adaptive-routing-algorithm-in-the-slingshot-interconnect/sstcore-11.0.0/sst_test_outputs/run_data/test_SubComponent_sc_uu.out does not match Reference File /home/tbonato/SC24/analysis-of-the-adaptive-routing-algorithm-in-the-slingshot-interconnect/sstcore-11.0.0/tests/subcomponent_tests/refFiles/test_sc_uu.out "/>
		</testcase>
	</testsuite>
</testsuites>
