<?xml version="1.0" ?>
<testsuites disabled="0" errors="0" failures="1" tests="1" time="4.917790174484253" name="SST TESTING FRAMEWORKS">
	<testsuite disabled="0" errors="0" failures="1" name="testsuite_default_Component" skipped="0" tests="1" time="4.917790174484253">
		<testcase name="test_Component" time="4.917790" timestamp="2024_0401_01:45:56.834044 utc" classname="testcase_Component">
			<failure type="failure" message="AssertionError: False is not true : Output/Compare file /home/tbonato/SC24/analysis-of-the-adaptive-routing-algorithm-in-the-slingshot-interconnect/sstcore-11.0.0/sst_test_outputs/run_data/test_Component.out does not match Reference File /home/tbonato/SC24/analysis-of-the-adaptive-routing-algorithm-in-the-slingshot-interconnect/sstcore-11.0.0/tests/refFiles/test_Component.out "/>
		</testcase>
	</testsuite>
</testsuites>
